Сборка начата 19.12.2024 14:05:20.
Уровень детализации журнала: Normal.     1>Проект "C:\Users\Дмитрий\source\repos\ADS_LAB_H\lab\lab.vcxproj" в узле 2 (целевые объекты Build).
     1>PrepareForBuild:
         Структурированный вывод включен. Форматирование диагностики компилятора будет отражать иерархию ошибок. Подробнее см. https://aka.ms/cpp/structured-output.
       InitializeBuildStatus:
         Создание "x64\Debug\lab.tlog\unsuccessfulbuild", так как было задано "AlwaysCreate".
         Обращение к "x64\Debug\lab.tlog\unsuccessfulbuild".
       ClCompile:
         C:\Program Files\Microsoft Visual Studio\2022\Community\VC\Tools\MSVC\14.38.33130\bin\HostX64\x64\CL.exe /c /ZI /JMC /nologo /W3 /WX- /diagnostics:column /sdl /Od /D _DEBUG /D _CONSOLE /D _UNICODE /D UNICODE /Gm- /EHsc /RTC1 /MDd /GS /fp:precise /Zc:wchar_t /Zc:forScope /Zc:inline /std:c++20 /permissive- /Fo"x64\Debug\\" /Fd"x64\Debug\vc143.pdb" /external:W3 /Gd /TP /FC /errorReport:prompt lab.cpp
         lab.cpp
     1>C:\Users\Дмитрий\source\repos\ADS_LAB_H\lab\lab.cpp(33,18): warning C4244: инициализация: преобразование "double" в "int32_t", возможна потеря данных
     1>C:\Users\Дмитрий\source\repos\ADS_LAB_H\lab\lab.cpp(59,26): warning C4244: аргумент: преобразование "double" в "const unsigned __int64", возможна потеря данных
     1>C:\Users\Дмитрий\source\repos\ADS_LAB_H\lab\lab.cpp(71,18): warning C4244: инициализация: преобразование "double" в "int32_t", возможна потеря данных
       Link:
         C:\Program Files\Microsoft Visual Studio\2022\Community\VC\Tools\MSVC\14.38.33130\bin\HostX64\x64\link.exe /ERRORREPORT:PROMPT /OUT:"C:\Users\Дмитрий\source\repos\ADS_LAB_H\x64\Debug\lab.exe" /INCREMENTAL /ILK:"x64\Debug\lab.ilk" /NOLOGO kernel32.lib user32.lib gdi32.lib winspool.lib comdlg32.lib advapi32.lib shell32.lib ole32.lib oleaut32.lib uuid.lib odbc32.lib odbccp32.lib /MANIFEST /MANIFESTUAC:"level='asInvoker' uiAccess='false'" /manifest:embed /DEBUG /PDB:"C:\Users\Дмитрий\source\repos\ADS_LAB_H\x64\Debug\lab.pdb" /SUBSYSTEM:CONSOLE /TLBID:1 /DYNAMICBASE /NXCOMPAT /IMPLIB:"C:\Users\Дмитрий\source\repos\ADS_LAB_H\x64\Debug\lab.lib" /MACHINE:X64 x64\Debug\lab.obj
         lab.vcxproj -> C:\Users\Дмитрий\source\repos\ADS_LAB_H\x64\Debug\lab.exe
       FinalizeBuildStatus:
         Файл "x64\Debug\lab.tlog\unsuccessfulbuild" удаляется.
         Обращение к "x64\Debug\lab.tlog\lab.lastbuildstate".
     1>Сборка проекта "C:\Users\Дмитрий\source\repos\ADS_LAB_H\lab\lab.vcxproj" завершена (целевые объекты Build).

Сборка успешно завершена.

       "C:\Users\Дмитрий\source\repos\ADS_LAB_H\lab\lab.vcxproj" (целевой объект Build ) (1) ->
       (Целевой объект ClCompile) -> 
         C:\Users\Дмитрий\source\repos\ADS_LAB_H\lab\lab.cpp(33,18): warning C4244: инициализация: преобразование "double" в "int32_t", возможна потеря данных
         C:\Users\Дмитрий\source\repos\ADS_LAB_H\lab\lab.cpp(59,26): warning C4244: аргумент: преобразование "double" в "const unsigned __int64", возможна потеря данных
         C:\Users\Дмитрий\source\repos\ADS_LAB_H\lab\lab.cpp(71,18): warning C4244: инициализация: преобразование "double" в "int32_t", возможна потеря данных

    Предупреждений: 3
    Ошибок: 0

Прошло времени 00:00:01.44
